<?xml version="1.0" encoding="UTF-8"?>
<testsuite name="qptsfg.servicecontract.combine.PTS FlagQueryGroup TestSuite" tests="4" failures="0" errors="0" time="4.77">
    <properties>
        <property name="soapui.properties" value="soapui.properties" />
        <property name="java.runtime.name" value="Java(TM) SE Runtime Environment" />
        <property name="sun.boot.library.path" value="C:\Users\praveena.daivamaruda\Desktop\SoapUI-5.4.0\jre\bin" />
        <property name="java.vm.version" value="25.152-b16" />
        <property name="soapui.ext.actions" value="C:\Users\praveena.daivamaruda\Desktop\SoapUI-5.4.0\bin\actions" />
        <property name="soapui.ext.libraries" value="C:\Users\praveena.daivamaruda\Desktop\SoapUI-5.4.0\bin\ext" />
        <property name="java.vm.vendor" value="Oracle Corporation" />
        <property name="java.vendor.url" value="http://java.oracle.com/" />
        <property name="path.separator" value=";" />
        <property name="java.vm.name" value="Java HotSpot(TM) Client VM" />
        <property name="file.encoding.pkg" value="sun.io" />
        <property name="user.country" value="US" />
        <property name="user.script" value="" />
        <property name="sun.java.launcher" value="SUN_STANDARD" />
        <property name="sun.os.patch.level" value="" />
        <property name="java.vm.specification.name" value="Java Virtual Machine Specification" />
        <property name="user.dir" value="C:\SoapUI_Automation\UAT\OnPrem" />
        <property name="java.runtime.version" value="1.8.0_152-b16" />
        <property name="java.awt.graphicsenv" value="sun.awt.Win32GraphicsEnvironment" />
        <property name="java.endorsed.dirs" value="C:\Users\praveena.daivamaruda\Desktop\SoapUI-5.4.0\jre\lib\endorsed" />
        <property name="os.arch" value="x86" />
        <property name="java.io.tmpdir" value="C:\Users\PRAVEE~1.DAI\AppData\Local\Temp\1\" />
        <property name="line.separator" value=" " />
        <property name="java.vm.specification.vendor" value="Oracle Corporation" />
        <property name="user.variant" value="" />
        <property name="os.name" value="Windows 10" />
        <property name="sun.jnu.encoding" value="Cp1252" />
        <property name="java.library.path" value="C:\Users\praveena.daivamaruda\Desktop\SoapUI-5.4.0\jre\bin;C:\WINDOWS\Sun\Java\bin;C:\WINDOWS\system32;C:\WINDOWS;C:\ProgramData\QFS\QF-Test\qftestpath;C:\Program Files (x86)\Java\jdk1.8.0_192\bin;C:\Program Files (x86)\Common Files\Oracle\Java\javapath;C:\ProgramData\Oracle\Java\javapath;C:\WINDOWS\system32;C:\WINDOWS;C:\WINDOWS\System32\Wbem;C:\WINDOWS\System32\WindowsPowerShell\v1.0\;C:\WINDOWS\System32\OpenSSH\;C:\Program Files (x86)\Microsoft SQL Server\Client SDK\ODBC\130\Tools\Binn\;C:\Program Files (x86)\Microsoft SQL Server\140\Tools\Binn\;C:\Program Files (x86)\Microsoft SQL Server\140\DTS\Binn\;C:\Program Files (x86)\Microsoft SQL Server\140\Tools\Binn\ManagementStudio\;C:\Program Files\dotnet\;C:\Program Files\Microsoft SQL Server\130\Tools\Binn\;C:\Program Files\Git\cmd;C:\Program Files (x86)\Microsoft Visual Studio\Shared\Python36_64;C:\Program Files (x86)\Microsoft Visual Studio\Shared\Python36_64\Scripts;C:\Program Files\Microsoft SQL Server\Client SDK\ODBC\130\Tools\Binn\;C:\Program Files\Microsoft SQL Server\140\Tools\Binn\;C:\Program Files\Microsoft SQL Server\140\DTS\Binn\;C:\Program Files (x86)\GitExtensions\;C:\apache-ant-1.10.5\bin;C:\Program Files\Microsoft SQL Server\Client SDK\ODBC\170\Tools\Binn\;C:\Users\praveena.daivamaruda\Desktop\SoapUI-5.4.0\bin;C:\apache-jmeter-5.1.1\bin;C:\Users\praveena.daivamaruda\AppData\Local\Microsoft\WindowsApps;;." />
        <property name="soapui.home" value="C:\Users\praveena.daivamaruda\Desktop\SoapUI-5.4.0\bin\" />
        <property name="sun.awt.enableExtraMouseButtons" value="true" />
        <property name="java.specification.name" value="Java Platform API Specification" />
        <property name="java.class.version" value="52.0" />
        <property name="sun.management.compiler" value="HotSpot Client Compiler" />
        <property name="os.version" value="10.0" />
        <property name="user.home" value="C:\Users\praveena.daivamaruda" />
        <property name="user.timezone" value="America/Los_Angeles" />
        <property name="java.awt.printerjob" value="sun.awt.windows.WPrinterJob" />
        <property name="file.encoding" value="Cp1252" />
        <property name="java.specification.version" value="1.8" />
        <property name="java.class.path" value="C:\Users\praveena.daivamaruda\Desktop\SoapUI-5.4.0\bin\soapui-5.4.0.jar;C:\Users\praveena.daivamaruda\Desktop\SoapUI-5.4.0\bin\..\lib\activation-1.1.jar;C:\Users\praveena.daivamaruda\Desktop\SoapUI-5.4.0\bin\..\lib\analytics-core-5.4.0.jar;C:\Users\praveena.daivamaruda\Desktop\SoapUI-5.4.0\bin\..\lib\animal-sniffer-annotations-1.11.jar;C:\Users\praveena.daivamaruda\Desktop\SoapUI-5.4.0\bin\..\lib\bcprov-jdk15-144.jar;C:\Users\praveena.daivamaruda\Desktop\SoapUI-5.4.0\bin\..\lib\binding-2.0.1.jar;C:\Users\praveena.daivamaruda\Desktop\SoapUI-5.4.0\bin\..\lib\commons-beanutils-1.7.0.jar;C:\Users\praveena.daivamaruda\Desktop\SoapUI-5.4.0\bin\..\lib\commons-cli-1.2.jar;C:\Users\praveena.daivamaruda\Desktop\SoapUI-5.4.0\bin\..\lib\commons-codec-1.3.jar;C:\Users\praveena.daivamaruda\Desktop\SoapUI-5.4.0\bin\..\lib\commons-collections-3.2.2.jar;C:\Users\praveena.daivamaruda\Desktop\SoapUI-5.4.0\bin\..\lib\commons-httpclient-3.1.jar;C:\Users\praveena.daivamaruda\Desktop\SoapUI-5.4.0\bin\..\lib\commons-io-2.4.jar;C:\Users\praveena.daivamaruda\Desktop\SoapUI-5.4.0\bin\..\lib\commons-lang-2.4.jar;C:\Users\praveena.daivamaruda\Desktop\SoapUI-5.4.0\bin\..\lib\commons-logging-1.1.1.jar;C:\Users\praveena.daivamaruda\Desktop\SoapUI-5.4.0\bin\..\lib\cssparser-0.9.5.jar;C:\Users\praveena.daivamaruda\Desktop\SoapUI-5.4.0\bin\..\lib\dom4j-1.6.1.jar;C:\Users\praveena.daivamaruda\Desktop\SoapUI-5.4.0\bin\..\lib\ezmorph-1.0.5.jar;C:\Users\praveena.daivamaruda\Desktop\SoapUI-5.4.0\bin\..\lib\flex-messaging-common-1.0.jar;C:\Users\praveena.daivamaruda\Desktop\SoapUI-5.4.0\bin\..\lib\flex-messaging-core-1.0.jar;C:\Users\praveena.daivamaruda\Desktop\SoapUI-5.4.0\bin\..\lib\flex-messaging-opt-1.0.jar;C:\Users\praveena.daivamaruda\Desktop\SoapUI-5.4.0\bin\..\lib\flex-messaging-proxy-1.0.jar;C:\Users\praveena.daivamaruda\Desktop\SoapUI-5.4.0\bin\..\lib\flex-messaging-remoting-1.0.jar;C:\Users\praveena.daivamaruda\Desktop\SoapUI-5.4.0\bin\..\lib\forms-1.0.7.jar;C:\Users\praveena.daivamaruda\Desktop\SoapUI-5.4.0\bin\..\lib\google-http-client-1.21.0.jar;C:\Users\praveena.daivamaruda\Desktop\SoapUI-5.4.0\bin\..\lib\google-oauth-client-1.21.0.jar;C:\Users\praveena.daivamaruda\Desktop\SoapUI-5.4.0\bin\..\lib\groovy-all-2.4.4.jar;C:\Users\praveena.daivamaruda\Desktop\SoapUI-5.4.0\bin\..\lib\guava-14.0.jar;C:\Users\praveena.daivamaruda\Desktop\SoapUI-5.4.0\bin\..\lib\hamcrest-core-1.3.jar;C:\Users\praveena.daivamaruda\Desktop\SoapUI-5.4.0\bin\..\lib\hermes-1.14.jar;C:\Users\praveena.daivamaruda\Desktop\SoapUI-5.4.0\bin\..\lib\htmlunit-2.7.jar;C:\Users\praveena.daivamaruda\Desktop\SoapUI-5.4.0\bin\..\lib\htmlunit-core-js-2.7.jar;C:\Users\praveena.daivamaruda\Desktop\SoapUI-5.4.0\bin\..\lib\httpclient-4.1.1.jar;C:\Users\praveena.daivamaruda\Desktop\SoapUI-5.4.0\bin\..\lib\httpclient-cache-4.1.1.jar;C:\Users\praveena.daivamaruda\Desktop\SoapUI-5.4.0\bin\..\lib\httpcore-4.1.1.jar;C:\Users\praveena.daivamaruda\Desktop\SoapUI-5.4.0\bin\..\lib\httpcore-nio-4.1.1.jar;C:\Users\praveena.daivamaruda\Desktop\SoapUI-5.4.0\bin\..\lib\httpmime-4.1.1.jar;C:\Users\praveena.daivamaruda\Desktop\SoapUI-5.4.0\bin\..\lib\i4jruntime-5.1.14.jar;C:\Users\praveena.daivamaruda\Desktop\SoapUI-5.4.0\bin\..\lib\jackson-annotations-2.3.0.jar;C:\Users\praveena.daivamaruda\Desktop\SoapUI-5.4.0\bin\..\lib\jackson-core-2.3.0.jar;C:\Users\praveena.daivamaruda\Desktop\SoapUI-5.4.0\bin\..\lib\jackson-databind-2.3.0.jar;C:\Users\praveena.daivamaruda\Desktop\SoapUI-5.4.0\bin\..\lib\javassist-3.16.1-GA.jar;C:\Users\praveena.daivamaruda\Desktop\SoapUI-5.4.0\bin\..\lib\jaxen-1.1-beta-8.jar;C:\Users\praveena.daivamaruda\Desktop\SoapUI-5.4.0\bin\..\lib\jcifs-1.2.9.jar;C:\Users\praveena.daivamaruda\Desktop\SoapUI-5.4.0\bin\..\lib\jdom-1.0.jar;C:\Users\praveena.daivamaruda\Desktop\SoapUI-5.4.0\bin\..\lib\jettison-1.2.jar;C:\Users\praveena.daivamaruda\Desktop\SoapUI-5.4.0\bin\..\lib\jetty-6.1.26.jar;C:\Users\praveena.daivamaruda\Desktop\SoapUI-5.4.0\bin\..\lib\jetty-util-6.1.26.jar;C:\Users\praveena.daivamaruda\Desktop\SoapUI-5.4.0\bin\..\lib\jms-1.1.jar;C:\Users\praveena.daivamaruda\Desktop\SoapUI-5.4.0\bin\..\lib\joda-time-1.6.2.jar;C:\Users\praveena.daivamaruda\Desktop\SoapUI-5.4.0\bin\..\lib\js-1.7R2.jar;C:\Users\praveena.daivamaruda\Desktop\SoapUI-5.4.0\bin\..\lib\json-20090211.jar;C:\Users\praveena.daivamaruda\Desktop\SoapUI-5.4.0\bin\..\lib\json-lib-2.2.2-jdk15.jar;C:\Users\praveena.daivamaruda\Desktop\SoapUI-5.4.0\bin\..\lib\json-path-0.9.1.jar;C:\Users\praveena.daivamaruda\Desktop\SoapUI-5.4.0\bin\..\lib\json-smart-1.2.jar;C:\Users\praveena.daivamaruda\Desktop\SoapUI-5.4.0\bin\..\lib\jsr173_api-1.0.jar;C:\Users\praveena.daivamaruda\Desktop\SoapUI-5.4.0\bin\..\lib\jsr305-1.3.9.jar;C:\Users\praveena.daivamaruda\Desktop\SoapUI-5.4.0\bin\..\lib\jtidy-r872-jdk15.jar;C:\Users\praveena.daivamaruda\Desktop\SoapUI-5.4.0\bin\..\lib\junit-4.11.jar;C:\Users\praveena.daivamaruda\Desktop\SoapUI-5.4.0\bin\..\lib\jxl-2.6.10.jar;C:\Users\praveena.daivamaruda\Desktop\SoapUI-5.4.0\bin\..\lib\keen-client-api-java-2.0.2.jar;C:\Users\praveena.daivamaruda\Desktop\SoapUI-5.4.0\bin\..\lib\l2fprod-common-directorychooser-7.3.jar;C:\Users\praveena.daivamaruda\Desktop\SoapUI-5.4.0\bin\..\lib\l2fprod-common-fontchooser-7.3.jar;C:\Users\praveena.daivamaruda\Desktop\SoapUI-5.4.0\bin\..\lib\log4j-1.2.14.jar;C:\Users\praveena.daivamaruda\Desktop\SoapUI-5.4.0\bin\..\lib\looks-2.2.0.jar;C:\Users\praveena.daivamaruda\Desktop\SoapUI-5.4.0\bin\..\lib\mail-1.4.jar;C:\Users\praveena.daivamaruda\Desktop\SoapUI-5.4.0\bin\..\lib\maven-plugin-api-2.0.jar;C:\Users\praveena.daivamaruda\Desktop\SoapUI-5.4.0\bin\..\lib\mixpanel-java-1.4.4.jar;C:\Users\praveena.daivamaruda\Desktop\SoapUI-5.4.0\bin\..\lib\mssql-jdbc-6.1.0.jre8.jar;C:\Users\praveena.daivamaruda\Desktop\SoapUI-5.4.0\bin\..\lib\nekohtml-1.9.14.jar;C:\Users\praveena.daivamaruda\Desktop\SoapUI-5.4.0\bin\..\lib\not-yet-commons-ssl-0.3.11.jar;C:\Users\praveena.daivamaruda\Desktop\SoapUI-5.4.0\bin\..\lib\opensaml-2.5.1-1.jar;C:\Users\praveena.daivamaruda\Desktop\SoapUI-5.4.0\bin\..\lib\openws-1.4.2-1.jar;C:\Users\praveena.daivamaruda\Desktop\SoapUI-5.4.0\bin\..\lib\org.apache.oltu.oauth2.client-0.31.jar;C:\Users\praveena.daivamaruda\Desktop\SoapUI-5.4.0\bin\..\lib\org.apache.oltu.oauth2.common-0.31.jar;C:\Users\praveena.daivamaruda\Desktop\SoapUI-5.4.0\bin\..\lib\org.apache.oltu.oauth2.httpclient4-0.31.jar;C:\Users\praveena.daivamaruda\Desktop\SoapUI-5.4.0\bin\..\lib\out-app-analytics-provider-5.4.0.jar;C:\Users\praveena.daivamaruda\Desktop\SoapUI-5.4.0\bin\..\lib\proxy-vole-20131209.jar;C:\Users\praveena.daivamaruda\Desktop\SoapUI-5.4.0\bin\..\lib\reflections-0.9.9-RC1.jar;C:\Users\praveena.daivamaruda\Desktop\SoapUI-5.4.0\bin\..\lib\rsyntaxtextarea-2.5.0.jar;C:\Users\praveena.daivamaruda\Desktop\SoapUI-5.4.0\bin\..\lib\sac-1.3.jar;C:\Users\praveena.daivamaruda\Desktop\SoapUI-5.4.0\bin\..\lib\saxon-9.1.0.8j.jar;C:\Users\praveena.daivamaruda\Desktop\SoapUI-5.4.0\bin\..\lib\saxon-dom-9.1.0.8j.jar;C:\Users\praveena.daivamaruda\Desktop\SoapUI-5.4.0\bin\..\lib\serializer-2.7.1.jar;C:\Users\praveena.daivamaruda\Desktop\SoapUI-5.4.0\bin\..\lib\servlet-api-2.5-20081211.jar;C:\Users\praveena.daivamaruda\Desktop\SoapUI-5.4.0\bin\..\lib\slf4j-api-1.6.1.jar;C:\Users\praveena.daivamaruda\Desktop\SoapUI-5.4.0\bin\..\lib\slf4j-log4j12-1.6.4.jar;C:\Users\praveena.daivamaruda\Desktop\SoapUI-5.4.0\bin\..\lib\sqljdbc.jar;C:\Users\praveena.daivamaruda\Desktop\SoapUI-5.4.0\bin\..\lib\swingx-soapui.jar;C:\Users\praveena.daivamaruda\Desktop\SoapUI-5.4.0\bin\..\lib\ws-commons-util-1.0.2.jar;C:\Users\praveena.daivamaruda\Desktop\SoapUI-5.4.0\bin\..\lib\wsdl4j-1.6.2-fixed.jar;C:\Users\praveena.daivamaruda\Desktop\SoapUI-5.4.0\bin\..\lib\wss4j-1.6.16.jar;C:\Users\praveena.daivamaruda\Desktop\SoapUI-5.4.0\bin\..\lib\xalan-2.7.1.jar;C:\Users\praveena.daivamaruda\Desktop\SoapUI-5.4.0\bin\..\lib\xbean-fixed-2.4.0.jar;C:\Users\praveena.daivamaruda\Desktop\SoapUI-5.4.0\bin\..\lib\xbean_xpath-2.4.0.jar;C:\Users\praveena.daivamaruda\Desktop\SoapUI-5.4.0\bin\..\lib\xercesImpl-2.9.1.jar;C:\Users\praveena.daivamaruda\Desktop\SoapUI-5.4.0\bin\..\lib\xml-apis-1.3.04.jar;C:\Users\praveena.daivamaruda\Desktop\SoapUI-5.4.0\bin\..\lib\xml-apis-2.9.1.jar;C:\Users\praveena.daivamaruda\Desktop\SoapUI-5.4.0\bin\..\lib\xmlParserAPIs-2.6.2.jar;C:\Users\praveena.daivamaruda\Desktop\SoapUI-5.4.0\bin\..\lib\xmlpublic-2.4.0.jar;C:\Users\praveena.daivamaruda\Desktop\SoapUI-5.4.0\bin\..\lib\xmlsec-1.4.5.jar;C:\Users\praveena.daivamaruda\Desktop\SoapUI-5.4.0\bin\..\lib\xmltooling-1.3.2-1.jar;C:\Users\praveena.daivamaruda\Desktop\SoapUI-5.4.0\bin\..\lib\xmlunit-1.2.jar;C:\Users\praveena.daivamaruda\Desktop\SoapUI-5.4.0\bin\..\lib\xom-1.1.jar;C:\Users\praveena.daivamaruda\Desktop\SoapUI-5.4.0\bin\..\lib\xstream-1.3.1.jar;C:\Users\praveena.daivamaruda\Desktop\SoapUI-5.4.0\jre\lib\jfxrt.jar" />
        <property name="user.name" value="praveena.daivamaruda" />
        <property name="soapui.ext.listeners" value="C:\Users\praveena.daivamaruda\Desktop\SoapUI-5.4.0\bin\listeners" />
        <property name="java.vm.specification.version" value="1.8" />
        <property name="sun.java.command" value="com.eviware.soapui.tools.SoapUITestCaseRunner -r -j -f C:\SoapUI_Automation\UAT\OnPrem\Reports\PTSReports -sPTS FlagQueryGroup TestSuite -r -a -j -J C:\SoapUI_Automation\PTS Groups\pts-flagquery-group-soapui-project.xml" />
        <property name="java.home" value="C:\Users\praveena.daivamaruda\Desktop\SoapUI-5.4.0\jre" />
        <property name="sun.arch.data.model" value="32" />
        <property name="user.language" value="en" />
        <property name="java.specification.vendor" value="Oracle Corporation" />
        <property name="awt.toolkit" value="sun.awt.windows.WToolkit" />
        <property name="java.vm.info" value="mixed mode" />
        <property name="java.version" value="1.8.0_152" />
        <property name="java.ext.dirs" value="C:\Users\praveena.daivamaruda\Desktop\SoapUI-5.4.0\jre\lib\ext;C:\WINDOWS\Sun\Java\lib\ext" />
        <property name="sun.boot.class.path" value="C:\Users\praveena.daivamaruda\Desktop\SoapUI-5.4.0\jre\lib\resources.jar;C:\Users\praveena.daivamaruda\Desktop\SoapUI-5.4.0\jre\lib\rt.jar;C:\Users\praveena.daivamaruda\Desktop\SoapUI-5.4.0\jre\lib\sunrsasign.jar;C:\Users\praveena.daivamaruda\Desktop\SoapUI-5.4.0\jre\lib\jsse.jar;C:\Users\praveena.daivamaruda\Desktop\SoapUI-5.4.0\jre\lib\jce.jar;C:\Users\praveena.daivamaruda\Desktop\SoapUI-5.4.0\jre\lib\charsets.jar;C:\Users\praveena.daivamaruda\Desktop\SoapUI-5.4.0\jre\lib\jfr.jar;C:\Users\praveena.daivamaruda\Desktop\SoapUI-5.4.0\jre\classes" />
        <property name="java.vendor" value="Oracle Corporation" />
        <property name="file.separator" value="\" />
        <property name="java.vendor.url.bug" value="http://bugreport.sun.com/bugreport/" />
        <property name="sun.io.unicode.encoding" value="UnicodeLittle" />
        <property name="sun.cpu.endian" value="little" />
        <property name="sun.desktop" value="windows" />
        <property name="sun.cpu.isalist" value="pentium_pro+mmx pentium_pro pentium+mmx pentium i486 i386 i86" />
    </properties>
    <testcase name="listInvestigationClientsQuery TestCase" time="2.775">
        <properties />
    </testcase>
    <testcase name="listPTSorCasesQuery TestCase" time="0.724">
        <properties />
    </testcase>
    <testcase name="listPTSorClientsQuery TestCase" time="0.579">
        <properties />
    </testcase>
    <testcase name="listSupervisionClientsQuery TestCase" time="0.692">
        <properties />
    </testcase>
</testsuite>